/*C21*/SET SCHEMA PUBLIC
DISCONNECT
/*C9*/SET SCHEMA PUBLIC
DELETE FROM TASKS_AUX_WORKERS WHERE ID=0 AND RANGES='0, 1000' AND HEALTH_CHECK='2021-12-30 05:48:46.418000' AND EXCLUSIVE_MODE=0 AND NODE_GROUPS='' AND IS_ACTIVE=1
INSERT INTO TASKS_AUX_WORKERS VALUES(0,'0, 1000','2021-12-30 05:50:49.650000',0,'',1)
COMMIT
DELETE FROM TASKS_AUX_WORKERS WHERE ID=0 AND RANGES='0, 1000' AND HEALTH_CHECK='2021-12-30 05:50:49.650000' AND EXCLUSIVE_MODE=0 AND NODE_GROUPS='' AND IS_ACTIVE=1
INSERT INTO TASKS_AUX_WORKERS VALUES(0,'0, 1000','2021-12-30 05:50:59.800000',0,'',1)
COMMIT
DELETE FROM TASKS_AUX_SCHEDULER WHERE ID='scheduler' AND LAST_ACTIVITY_TS='2021-12-30 05:48:46.420' AND VERSION=4
INSERT INTO TASKS_AUX_SCHEDULER VALUES('scheduler','2021-12-30 05:50:59.806',4)
COMMIT
DELETE FROM TASKS_AUX_WORKERS WHERE ID=0 AND RANGES='0, 1000' AND HEALTH_CHECK='2021-12-30 05:50:59.800000' AND EXCLUSIVE_MODE=0 AND NODE_GROUPS='' AND IS_ACTIVE=1
INSERT INTO TASKS_AUX_WORKERS VALUES(0,'0, 1000','2021-12-30 05:50:59.800000',0,'',1)
COMMIT
DELETE FROM TASKS_AUX_WORKERS WHERE ID=0 AND RANGES='0, 1000' AND HEALTH_CHECK='2021-12-30 05:50:59.800000' AND EXCLUSIVE_MODE=0 AND NODE_GROUPS='' AND IS_ACTIVE=1
INSERT INTO TASKS_AUX_WORKERS VALUES(0,'0, 1000','2021-12-30 05:51:09.898000',0,'',1)
COMMIT
DELETE FROM TASKS_AUX_SCHEDULER WHERE ID='scheduler' AND LAST_ACTIVITY_TS='2021-12-30 05:50:59.806' AND VERSION=4
INSERT INTO TASKS_AUX_SCHEDULER VALUES('scheduler','2021-12-30 05:51:09.899',4)
COMMIT
DELETE FROM TASKS_AUX_WORKERS WHERE ID=0 AND RANGES='0, 1000' AND HEALTH_CHECK='2021-12-30 05:51:09.898000' AND EXCLUSIVE_MODE=0 AND NODE_GROUPS='' AND IS_ACTIVE=1
INSERT INTO TASKS_AUX_WORKERS VALUES(0,'0, 1000','2021-12-30 05:51:09.898000',0,'',1)
COMMIT
DELETE FROM TASKS_AUX_WORKERS WHERE ID=0 AND RANGES='0, 1000' AND HEALTH_CHECK='2021-12-30 05:51:09.898000' AND EXCLUSIVE_MODE=0 AND NODE_GROUPS='' AND IS_ACTIVE=1
INSERT INTO TASKS_AUX_WORKERS VALUES(0,'0, 1000','2021-12-30 05:51:19.910000',0,'',1)
COMMIT
DELETE FROM TASKS_AUX_SCHEDULER WHERE ID='scheduler' AND LAST_ACTIVITY_TS='2021-12-30 05:51:09.899' AND VERSION=4
INSERT INTO TASKS_AUX_SCHEDULER VALUES('scheduler','2021-12-30 05:51:19.911',4)
COMMIT
DELETE FROM TASKS_AUX_WORKERS WHERE ID=0 AND RANGES='0, 1000' AND HEALTH_CHECK='2021-12-30 05:51:19.910000' AND EXCLUSIVE_MODE=0 AND NODE_GROUPS='' AND IS_ACTIVE=1
INSERT INTO TASKS_AUX_WORKERS VALUES(0,'0, 1000','2021-12-30 05:51:19.910000',0,'',1)
COMMIT
DELETE FROM TASKS_AUX_WORKERS WHERE ID=0 AND RANGES='0, 1000' AND HEALTH_CHECK='2021-12-30 05:51:19.910000' AND EXCLUSIVE_MODE=0 AND NODE_GROUPS='' AND IS_ACTIVE=1
INSERT INTO TASKS_AUX_WORKERS VALUES(0,'0, 1000','2021-12-30 05:51:29.920000',0,'',1)
COMMIT
DELETE FROM TASKS_AUX_SCHEDULER WHERE ID='scheduler' AND LAST_ACTIVITY_TS='2021-12-30 05:51:19.911' AND VERSION=4
INSERT INTO TASKS_AUX_SCHEDULER VALUES('scheduler','2021-12-30 05:51:29.922',4)
COMMIT
DELETE FROM TASKS_AUX_WORKERS WHERE ID=0 AND RANGES='0, 1000' AND HEALTH_CHECK='2021-12-30 05:51:29.920000' AND EXCLUSIVE_MODE=0 AND NODE_GROUPS='' AND IS_ACTIVE=1
INSERT INTO TASKS_AUX_WORKERS VALUES(0,'0, 1000','2021-12-30 05:51:29.920000',0,'',1)
COMMIT
/*C31*/SET SCHEMA PUBLIC
DELETE FROM TASKS_AUX_WORKERS WHERE ID=0 AND RANGES='0, 1000' AND HEALTH_CHECK='2021-12-30 05:51:29.920000' AND EXCLUSIVE_MODE=0 AND NODE_GROUPS='' AND IS_ACTIVE=1
INSERT INTO TASKS_AUX_WORKERS VALUES(0,'0, 1000','2021-12-30 05:51:39.933000',0,'',1)
COMMIT
DELETE FROM TASKS_AUX_SCHEDULER WHERE ID='scheduler' AND LAST_ACTIVITY_TS='2021-12-30 05:51:29.922' AND VERSION=4
INSERT INTO TASKS_AUX_SCHEDULER VALUES('scheduler','2021-12-30 05:51:39.934',4)
COMMIT
DELETE FROM TASKS_AUX_WORKERS WHERE ID=0 AND RANGES='0, 1000' AND HEALTH_CHECK='2021-12-30 05:51:39.933000' AND EXCLUSIVE_MODE=0 AND NODE_GROUPS='' AND IS_ACTIVE=1
INSERT INTO TASKS_AUX_WORKERS VALUES(0,'0, 1000','2021-12-30 05:51:39.933000',0,'',1)
COMMIT
/*C32*/SET SCHEMA PUBLIC
DELETE FROM TASKS_AUX_WORKERS WHERE ID=0 AND RANGES='0, 1000' AND HEALTH_CHECK='2021-12-30 05:51:39.933000' AND EXCLUSIVE_MODE=0 AND NODE_GROUPS='' AND IS_ACTIVE=1
INSERT INTO TASKS_AUX_WORKERS VALUES(0,'0, 1000','2021-12-30 05:51:49.944000',0,'',1)
COMMIT
DELETE FROM TASKS_AUX_SCHEDULER WHERE ID='scheduler' AND LAST_ACTIVITY_TS='2021-12-30 05:51:39.934' AND VERSION=4
INSERT INTO TASKS_AUX_SCHEDULER VALUES('scheduler','2021-12-30 05:51:49.945',4)
COMMIT
DELETE FROM TASKS_AUX_WORKERS WHERE ID=0 AND RANGES='0, 1000' AND HEALTH_CHECK='2021-12-30 05:51:49.944000' AND EXCLUSIVE_MODE=0 AND NODE_GROUPS='' AND IS_ACTIVE=1
INSERT INTO TASKS_AUX_WORKERS VALUES(0,'0, 1000','2021-12-30 05:51:49.944000',0,'',1)
COMMIT
